[debug] [2021-08-02T14:22:26.688Z] ----------------------------------------------------------------------
[debug] [2021-08-02T14:22:26.690Z] Command:       C:\Program Files\nodejs\node.exe C:\Program Files\nodejs\node_modules\firebase-tools\lib\bin\firebase.js init
[debug] [2021-08-02T14:22:26.691Z] CLI Version:   9.16.0
[debug] [2021-08-02T14:22:26.691Z] Platform:      win32
[debug] [2021-08-02T14:22:26.691Z] Node Version:  v16.5.0
[debug] [2021-08-02T14:22:26.693Z] Time:          Mon Aug 02 2021 21:22:26 GMT+0700 (Indochina Time)
[debug] [2021-08-02T14:22:26.693Z] ----------------------------------------------------------------------
[debug] 
[debug] [2021-08-02T14:22:26.702Z] > command requires scopes: ["email","openid","https://www.googleapis.com/auth/cloudplatformprojects.readonly","https://www.googleapis.com/auth/firebase","https://www.googleapis.com/auth/cloud-platform"]
[debug] [2021-08-02T14:22:26.702Z] > authorizing via signed-in user (nguyenvanvy1999@gmail.com)
[info] 
     ######## #### ########  ######## ########     ###     ######  ########
     ##        ##  ##     ## ##       ##     ##  ##   ##  ##       ##
     ######    ##  ########  ######   ########  #########  ######  ######
     ##        ##  ##    ##  ##       ##     ## ##     ##       ## ##
     ##       #### ##     ## ######## ########  ##     ##  ######  ########

You're about to initialize a Firebase project in this directory:

  D:\ReactJS\control-car

[info] 
=== Project Setup
[info] 
[info] First, let's associate this project directory with a Firebase project.
[info] You can create multiple project aliases by running firebase use --add, 
[info] but for now we'll just set up a default project.
[info] 
[debug] [2021-08-02T14:23:05.087Z] >>> [apiv2][query] GET https://firebase.googleapis.com/v1beta1/projects pageSize=100
[debug] [2021-08-02T14:23:06.075Z] <<< [apiv2][status] GET https://firebase.googleapis.com/v1beta1/projects 200
[debug] [2021-08-02T14:23:06.075Z] <<< [apiv2][body] GET https://firebase.googleapis.com/v1beta1/projects [omitted]
[info] i  Using project projectdemo-a4fe4 (ProjectDemo) 
[info] 
=== Hosting Setup
[info] 
[info] Your public directory is the folder (relative to your project directory) that
[info] will contain Hosting assets to be uploaded with firebase deploy. If you
[info] have a build process for your assets, use your build's output directory.
[info] 
[debug] [2021-08-02T14:23:30.249Z] >>> [apiv2][query] GET https://www.gstatic.com/firebasejs/releases.json [none]
[debug] [2021-08-02T14:23:30.400Z] <<< [apiv2][status] GET https://www.gstatic.com/firebasejs/releases.json 200
[debug] [2021-08-02T14:23:30.401Z] <<< [apiv2][body] GET https://www.gstatic.com/firebasejs/releases.json {"current":{"version":"8.8.1","browserURL":"https://www.gstatic.com/firebasejs/8.8.1/firebase.js","packageURL":"https://www.gstatic.com/firebasejs/8.8.1/firebase.tgz"},"live":{"version":"8.8","browserURL":"https://www.gstatic.com/firebasejs/live/8.8/firebase.js","packageURL":"https://www.gstatic.com/firebasejs/live/8.8/firebase.tgz"},"components":{"analytics":"https://www.gstatic.com/firebasejs/8.8.1/firebase-analytics.js","app":"https://www.gstatic.com/firebasejs/8.8.1/firebase-app.js","app-check":"https://www.gstatic.com/firebasejs/8.8.1/firebase-app-check.js","auth":"https://www.gstatic.com/firebasejs/8.8.1/firebase-auth.js","database":"https://www.gstatic.com/firebasejs/8.8.1/firebase-database.js","firestore":"https://www.gstatic.com/firebasejs/8.8.1/firebase-firestore.js","functions":"https://www.gstatic.com/firebasejs/8.8.1/firebase-functions.js","installations":"https://www.gstatic.com/firebasejs/8.8.1/firebase-installations.js","messaging":"https://www.gstatic.com/firebasejs/8.8.1/firebase-messaging.js","storage":"https://www.gstatic.com/firebasejs/8.8.1/firebase-storage.js","performance":"https://www.gstatic.com/firebasejs/8.8.1/firebase-performance.js","remote-config":"https://www.gstatic.com/firebasejs/8.8.1/firebase-remote-config.js","firestore.memory":"https://www.gstatic.com/firebasejs/8.8.1/firebase-firestore.memory.js"}}
[info] i  Skipping write of build/index.html 
[info] 
[info] i  Detected a .git folder at D:\ReactJS\control-car 
[info] i  Authorizing with GitHub to upload your service account to a GitHub repository's secrets store. 
[info] 
[info] Visit this URL on this device to log in:
[info] https://github.com/login/oauth/authorize?client_id=89cf50f02ac6aaed3484&state=256912302&redirect_uri=http%3A%2F%2Flocalhost%3A9005&scope=read%3Auser%20repo%20public_repo
[info] 
[info] Waiting for authentication...
[debug] [2021-08-02T14:23:55.706Z] >>> HTTP REQUEST POST https://github.com/login/oauth/access_token  
 {"client_id":"89cf50f02ac6aaed3484","client_secret":"3330d14abc895d9a74d5f17cd7a00711fa2c5bf0","code":"85f42e6fa5fc50cfdf8b","redirect_uri":"http://localhost:9005","state":"256912302"}
[debug] [2021-08-02T14:24:00.956Z] <<< HTTP RESPONSE 200 {"server":"GitHub.com","date":"Mon, 02 Aug 2021 14:24:01 GMT","content-type":"application/json; charset=utf-8","transfer-encoding":"chunked","vary":"X-PJAX, Accept-Encoding, Accept, X-Requested-With","permissions-policy":"interest-cohort=()","etag":"W/\"9f4240ee73504b551b56e2d56ce80846\"","cache-control":"max-age=0, private, must-revalidate","strict-transport-security":"max-age=31536000; includeSubdomains; preload","x-frame-options":"deny","x-content-type-options":"nosniff","x-xss-protection":"0","referrer-policy":"origin-when-cross-origin, strict-origin-when-cross-origin","expect-ct":"max-age=2592000, report-uri=\"https://api.github.com/_private/browser/errors\"","content-security-policy":"default-src 'none'; base-uri 'self'; block-all-mixed-content; connect-src 'self' uploads.github.com www.githubstatus.com collector.githubapp.com api.github.com github-cloud.s3.amazonaws.com github-production-repository-file-5c1aeb.s3.amazonaws.com github-production-upload-manifest-file-7fdce7.s3.amazonaws.com github-production-user-asset-6210df.s3.amazonaws.com cdn.optimizely.com logx.optimizely.com/v1/events translator.github.com wss://alive.github.com; font-src github.githubassets.com; form-action 'self' github.com gist.github.com; frame-ancestors 'none'; frame-src render.githubusercontent.com render-temp.githubusercontent.com viewscreen.githubusercontent.com; img-src 'self' data: github.githubassets.com identicons.github.com collector.githubapp.com github-cloud.s3.amazonaws.com secured-user-images.githubusercontent.com/ *.githubusercontent.com; manifest-src 'self'; media-src 'none'; script-src github.githubassets.com; style-src 'unsafe-inline' github.githubassets.com; worker-src github.com/socket-worker-3f088aa2.js gist.github.com/socket-worker-3f088aa2.js","x-github-request-id":"40E9:7617:D2E04D:FC8998:61080000"}
[debug] [2021-08-02T14:24:00.980Z] >>> [apiv2][query] GET https://api.github.com/user [none]
[debug] [2021-08-02T14:24:47.550Z] <<< [apiv2][status] GET https://api.github.com/user 200
[debug] [2021-08-02T14:24:47.550Z] <<< [apiv2][body] GET https://api.github.com/user {"login":"nguyenvanvy1999","id":61955009,"node_id":"MDQ6VXNlcjYxOTU1MDA5","avatar_url":"https://avatars.githubusercontent.com/u/61955009?v=4","gravatar_id":"","url":"https://api.github.com/users/nguyenvanvy1999","html_url":"https://github.com/nguyenvanvy1999","followers_url":"https://api.github.com/users/nguyenvanvy1999/followers","following_url":"https://api.github.com/users/nguyenvanvy1999/following{/other_user}","gists_url":"https://api.github.com/users/nguyenvanvy1999/gists{/gist_id}","starred_url":"https://api.github.com/users/nguyenvanvy1999/starred{/owner}{/repo}","subscriptions_url":"https://api.github.com/users/nguyenvanvy1999/subscriptions","organizations_url":"https://api.github.com/users/nguyenvanvy1999/orgs","repos_url":"https://api.github.com/users/nguyenvanvy1999/repos","events_url":"https://api.github.com/users/nguyenvanvy1999/events{/privacy}","received_events_url":"https://api.github.com/users/nguyenvanvy1999/received_events","type":"User","site_admin":false,"name":"Nguyen Van Vy","company":null,"blog":"https://www.facebook.com/vy.nguyenvan.79656/","location":null,"email":"nguyenvanvy1999@gmail.com","hireable":null,"bio":null,"twitter_username":null,"public_repos":44,"public_gists":0,"followers":0,"following":2,"created_at":"2020-03-09T01:59:57Z","updated_at":"2021-08-02T14:23:55Z","private_gists":0,"total_private_repos":7,"owned_private_repos":7,"disk_usage":18986,"collaborators":0,"two_factor_authentication":false,"plan":{"name":"free","space":976562499,"collaborators":0,"private_repos":10000}}
[info] 
[info] +  Success! Logged into GitHub as nguyenvanvy1999 
[info] 
